<?xml version="1.0" encoding="UTF-8"?>
<testsuite name="MergeSortTests" tests="6" skipped="0" failures="0" errors="0" timestamp="2021-05-25T07:09:26" hostname="DESKTOP-V96DEVG" time="0.028">
  <properties/>
  <testcase name="mergeSortClassExists()" classname="MergeSortTests" time="0.016"/>
  <testcase name="mergeSort_oneIntegerArrayParams_returnsPassedInteger()" classname="MergeSortTests" time="0.004"/>
  <testcase name="mergeSort_multipleIntegerArrayParams_returnsSortedArray()" classname="MergeSortTests" time="0.001"/>
  <testcase name="mergeSort_threeIntegerArrayParams_returnsSortedArray()" classname="MergeSortTests" time="0.001"/>
  <testcase name="mergeSort_emptyParams_returnsEmptyArray()" classname="MergeSortTests" time="0.001"/>
  <testcase name="mergeSort_twoIntegerArrayParams_returnsSortedArray()" classname="MergeSortTests" time="0.001"/>
  <system-out><![CDATA[]]></system-out>
  <system-err><![CDATA[]]></system-err>
</testsuite>
